<?xml version="1.0" encoding="UTF-8"?>
<testng-results ignored="0" total="1" passed="1" failed="0" skipped="0">
  <reporter-output>
  </reporter-output>
  <suite started-at="2025-02-05T11:54:04 IST" name="Default suite" finished-at="2025-02-05T11:54:05 IST" duration-ms="77">
    <groups>
    </groups>
    <test started-at="2025-02-05T11:54:04 IST" name="Default test" finished-at="2025-02-05T11:54:05 IST" duration-ms="77">
      <class name="com.crm.special.gitpractice">
        <test-method signature="m1()[pri:0, instance:com.crm.special.gitpractice@6e171cd7]" started-at="2025-02-05T11:54:05 IST" name="m1" finished-at="2025-02-05T11:54:05 IST" duration-ms="16" status="PASS">
          <reporter-output>
          </reporter-output>
        </test-method> <!-- m1 -->
      </class> <!-- com.crm.special.gitpractice -->
    </test> <!-- Default test -->
  </suite> <!-- Default suite -->
</testng-results>
